<?xml version="1.0" encoding="UTF-8"?>
<!-- Generated by org.testng.reporters.JUnitXMLReporter -->
<testsuite hostname="Lenovo" ignored="0" name="Admin Test" tests="3" failures="1" timestamp="26 Apr 2020 03:24:07 GMT" time="0.239" errors="0">
  <testcase name="Login" time="0.02" classname="SimpleListeners.AdminPanelTest"/>
  <testcase name="fillform" time="0.012" classname="SimpleListeners.AdminPanelTest">
    <failure type="java.lang.AssertionError" message="null">
      <![CDATA[java.lang.AssertionError: null
at SimpleListeners.AdminPanelTest.fillform(AdminPanelTest.java:17)
... Removed 27 stack frames]]>
    </failure>
  </testcase> <!-- fillform -->
  <testcase name="validateData" time="0.032" classname="SimpleListeners.AdminPanelTest">
    <skipped/>
  </testcase> <!-- validateData -->
</testsuite> <!-- Admin Test -->
